<?xml version="1.0" encoding="UTF-8"?>
<testsuite xmlns:xsi="http://www.w3.org/2001/XMLSchema-instance" xsi:noNamespaceSchemaLocation="https://maven.apache.org/surefire/maven-surefire-plugin/xsd/surefire-test-report-3.0.xsd" version="3.0" name="org.sakaiproject.email.impl.test.EmailServiceTest" time="1.258" tests="9" errors="0" skipped="0" failures="0">
  <properties>
    <property name="awt.toolkit" value="sun.awt.X11.XToolkit"/>
    <property name="java.specification.version" value="11"/>
    <property name="sun.cpu.isalist" value=""/>
    <property name="sun.jnu.encoding" value="UTF-8"/>
    <property name="java.class.path" value="/home/alumno/Escritorio/kernel/kernel-impl/target/test-classes:/home/alumno/Escritorio/kernel/kernel-impl/target/classes:/home/alumno/Escritorio/kernel/api/target/classes:/home/alumno/Escritorio/kernel/component-manager/target/classes:/home/alumno/Escritorio/kernel/kernel-util/target/classes:/home/alumno/Escritorio/kernel/kernel-storage-util/target/classes:/home/alumno/Escritorio/kernel/kernel-test/target/classes:/home/alumno/.m2/repository/org/apache/tika/tika-core/3.0.0-BETA/tika-core-3.0.0-BETA.jar:/home/alumno/.m2/repository/org/apache/tika/tika-parsers-standard-package/3.0.0-BETA/tika-parsers-standard-package-3.0.0-BETA.jar:/home/alumno/.m2/repository/org/apache/tika/tika-parser-apple-module/3.0.0-BETA/tika-parser-apple-module-3.0.0-BETA.jar:/home/alumno/.m2/repository/org/apache/tika/tika-parser-zip-commons/3.0.0-BETA/tika-parser-zip-commons-3.0.0-BETA.jar:/home/alumno/.m2/repository/com/googlecode/plist/dd-plist/1.27/dd-plist-1.27.jar:/home/alumno/.m2/repository/org/apache/tika/tika-parser-audiovideo-module/3.0.0-BETA/tika-parser-audiovideo-module-3.0.0-BETA.jar:/home/alumno/.m2/repository/com/drewnoakes/metadata-extractor/2.19.0/metadata-extractor-2.19.0.jar:/home/alumno/.m2/repository/com/adobe/xmp/xmpcore/6.1.11/xmpcore-6.1.11.jar:/home/alumno/.m2/repository/org/apache/tika/tika-parser-cad-module/3.0.0-BETA/tika-parser-cad-module-3.0.0-BETA.jar:/home/alumno/.m2/repository/org/apache/tika/tika-parser-code-module/3.0.0-BETA/tika-parser-code-module-3.0.0-BETA.jar:/home/alumno/.m2/repository/org/codelibs/jhighlight/1.1.0/jhighlight-1.1.0.jar:/home/alumno/.m2/repository/org/ccil/cowan/tagsoup/tagsoup/1.2.1/tagsoup-1.2.1.jar:/home/alumno/.m2/repository/org/ow2/asm/asm/9.6/asm-9.6.jar:/home/alumno/.m2/repository/com/epam/parso/2.0.14/parso-2.0.14.jar:/home/alumno/.m2/repository/org/tallison/jmatio/1.5/jmatio-1.5.jar:/home/alumno/.m2/repository/org/apache/tika/tika-parser-crypto-module/3.0.0-BETA/tika-parser-crypto-module-3.0.0-BETA.jar:/home/alumno/.m2/repository/org/bouncycastle/bcjmail-jdk18on/1.77/bcjmail-jdk18on-1.77.jar:/home/alumno/.m2/repository/org/bouncycastle/bcutil-jdk18on/1.77/bcutil-jdk18on-1.77.jar:/home/alumno/.m2/repository/org/bouncycastle/bcpkix-jdk18on/1.77/bcpkix-jdk18on-1.77.jar:/home/alumno/.m2/repository/org/apache/tika/tika-parser-digest-commons/3.0.0-BETA/tika-parser-digest-commons-3.0.0-BETA.jar:/home/alumno/.m2/repository/org/apache/tika/tika-parser-font-module/3.0.0-BETA/tika-parser-font-module-3.0.0-BETA.jar:/home/alumno/.m2/repository/org/apache/pdfbox/fontbox/3.0.1/fontbox-3.0.1.jar:/home/alumno/.m2/repository/org/apache/pdfbox/pdfbox-io/3.0.1/pdfbox-io-3.0.1.jar:/home/alumno/.m2/repository/org/junit/jupiter/junit-jupiter/5.10.1/junit-jupiter-5.10.1.jar:/home/alumno/.m2/repository/org/junit/jupiter/junit-jupiter-api/5.10.1/junit-jupiter-api-5.10.1.jar:/home/alumno/.m2/repository/org/opentest4j/opentest4j/1.3.0/opentest4j-1.3.0.jar:/home/alumno/.m2/repository/org/junit/platform/junit-platform-commons/1.10.1/junit-platform-commons-1.10.1.jar:/home/alumno/.m2/repository/org/apiguardian/apiguardian-api/1.1.2/apiguardian-api-1.1.2.jar:/home/alumno/.m2/repository/org/junit/jupiter/junit-jupiter-params/5.10.1/junit-jupiter-params-5.10.1.jar:/home/alumno/.m2/repository/org/junit/jupiter/junit-jupiter-engine/5.10.1/junit-jupiter-engine-5.10.1.jar:/home/alumno/.m2/repository/org/junit/platform/junit-platform-engine/1.10.1/junit-platform-engine-1.10.1.jar:/home/alumno/.m2/repository/org/apache/tika/tika-parser-html-module/3.0.0-BETA/tika-parser-html-module-3.0.0-BETA.jar:/home/alumno/.m2/repository/org/apache/tika/tika-parser-image-module/3.0.0-BETA/tika-parser-image-module-3.0.0-BETA.jar:/home/alumno/.m2/repository/com/github/jai-imageio/jai-imageio-core/1.4.0/jai-imageio-core-1.4.0.jar:/home/alumno/.m2/repository/org/apache/pdfbox/jbig2-imageio/3.0.4/jbig2-imageio-3.0.4.jar:/home/alumno/.m2/repository/org/apache/tika/tika-parser-mail-module/3.0.0-BETA/tika-parser-mail-module-3.0.0-BETA.jar:/home/alumno/.m2/repository/org/apache/tika/tika-parser-mail-commons/3.0.0-BETA/tika-parser-mail-commons-3.0.0-BETA.jar:/home/alumno/.m2/repository/org/apache/james/apache-mime4j-core/0.8.9/apache-mime4j-core-0.8.9.jar:/home/alumno/.m2/repository/org/apache/james/apache-mime4j-dom/0.8.9/apache-mime4j-dom-0.8.9.jar:/home/alumno/.m2/repository/org/apache/tika/tika-parser-microsoft-module/3.0.0-BETA/tika-parser-microsoft-module-3.0.0-BETA.jar:/home/alumno/.m2/repository/com/pff/java-libpst/0.9.3/java-libpst-0.9.3.jar:/home/alumno/.m2/repository/org/apache/poi/poi/5.2.5/poi-5.2.5.jar:/home/alumno/.m2/repository/org/apache/commons/commons-math3/3.6.1/commons-math3-3.6.1.jar:/home/alumno/.m2/repository/com/zaxxer/SparseBitSet/1.3/SparseBitSet-1.3.jar:/home/alumno/.m2/repository/org/apache/poi/poi-scratchpad/5.2.5/poi-scratchpad-5.2.5.jar:/home/alumno/.m2/repository/org/apache/poi/poi-ooxml/5.2.5/poi-ooxml-5.2.5.jar:/home/alumno/.m2/repository/org/apache/poi/poi-ooxml-lite/5.2.5/poi-ooxml-lite-5.2.5.jar:/home/alumno/.m2/repository/org/apache/xmlbeans/xmlbeans/5.2.0/xmlbeans-5.2.0.jar:/home/alumno/.m2/repository/com/github/virtuald/curvesapi/1.08/curvesapi-1.08.jar:/home/alumno/.m2/repository/com/healthmarketscience/jackcess/jackcess/4.0.5/jackcess-4.0.5.jar:/home/alumno/.m2/repository/com/healthmarketscience/jackcess/jackcess-encrypt/4.0.2/jackcess-encrypt-4.0.2.jar:/home/alumno/.m2/repository/org/apache/tika/tika-parser-miscoffice-module/3.0.0-BETA/tika-parser-miscoffice-module-3.0.0-BETA.jar:/home/alumno/.m2/repository/org/apache/tika/tika-parser-news-module/3.0.0-BETA/tika-parser-news-module-3.0.0-BETA.jar:/home/alumno/.m2/repository/com/rometools/rome/2.1.0/rome-2.1.0.jar:/home/alumno/.m2/repository/com/rometools/rome-utils/2.1.0/rome-utils-2.1.0.jar:/home/alumno/.m2/repository/org/jdom/jdom2/2.0.6.1/jdom2-2.0.6.1.jar:/home/alumno/.m2/repository/org/apache/tika/tika-parser-ocr-module/3.0.0-BETA/tika-parser-ocr-module-3.0.0-BETA.jar:/home/alumno/.m2/repository/org/apache/commons/commons-exec/1.3/commons-exec-1.3.jar:/home/alumno/.m2/repository/org/apache/tika/tika-parser-pdf-module/3.0.0-BETA/tika-parser-pdf-module-3.0.0-BETA.jar:/home/alumno/.m2/repository/org/apache/pdfbox/pdfbox/3.0.1/pdfbox-3.0.1.jar:/home/alumno/.m2/repository/org/apache/pdfbox/pdfbox-tools/3.0.1/pdfbox-tools-3.0.1.jar:/home/alumno/.m2/repository/info/picocli/picocli/4.7.5/picocli-4.7.5.jar:/home/alumno/.m2/repository/org/apache/pdfbox/jempbox/1.8.17/jempbox-1.8.17.jar:/home/alumno/.m2/repository/org/apache/tika/tika-parser-pkg-module/3.0.0-BETA/tika-parser-pkg-module-3.0.0-BETA.jar:/home/alumno/.m2/repository/org/tukaani/xz/1.9/xz-1.9.jar:/home/alumno/.m2/repository/org/brotli/dec/0.1.2/dec-0.1.2.jar:/home/alumno/.m2/repository/com/github/junrar/junrar/7.5.5/junrar-7.5.5.jar:/home/alumno/.m2/repository/org/apache/tika/tika-parser-text-module/3.0.0-BETA/tika-parser-text-module-3.0.0-BETA.jar:/home/alumno/.m2/repository/com/github/albfernandez/juniversalchardet/2.4.0/juniversalchardet-2.4.0.jar:/home/alumno/.m2/repository/org/apache/commons/commons-csv/1.10.0/commons-csv-1.10.0.jar:/home/alumno/.m2/repository/org/apache/tika/tika-parser-webarchive-module/3.0.0-BETA/tika-parser-webarchive-module-3.0.0-BETA.jar:/home/alumno/.m2/repository/org/netpreserve/jwarc/0.28.3/jwarc-0.28.3.jar:/home/alumno/.m2/repository/org/apache/commons/commons-compress/1.26.1/commons-compress-1.26.1.jar:/home/alumno/.m2/repository/org/apache/tika/tika-parser-xml-module/3.0.0-BETA/tika-parser-xml-module-3.0.0-BETA.jar:/home/alumno/.m2/repository/org/apache/tika/tika-parser-xmp-commons/3.0.0-BETA/tika-parser-xmp-commons-3.0.0-BETA.jar:/home/alumno/.m2/repository/org/apache/pdfbox/xmpbox/3.0.1/xmpbox-3.0.1.jar:/home/alumno/.m2/repository/org/gagravarr/vorbis-java-tika/0.8/vorbis-java-tika-0.8.jar:/home/alumno/.m2/repository/org/gagravarr/vorbis-java-core/0.8/vorbis-java-core-0.8.jar:/home/alumno/.m2/repository/com/vdurmont/emoji-java/5.1.1/emoji-java-5.1.1.jar:/home/alumno/.m2/repository/org/json/json/20170516/json-20170516.jar:/home/alumno/.m2/repository/org/zwobble/mammoth/mammoth/1.4.2/mammoth-1.4.2.jar:/home/alumno/.m2/repository/commons-codec/commons-codec/1.17.0/commons-codec-1.17.0.jar:/home/alumno/.m2/repository/commons-io/commons-io/2.16.1/commons-io-2.16.1.jar:/home/alumno/.m2/repository/org/apache/commons/commons-lang3/3.14.0/commons-lang3-3.14.0.jar:/home/alumno/.m2/repository/org/apache/commons/commons-text/1.12.0/commons-text-1.12.0.jar:/home/alumno/.m2/repository/commons-validator/commons-validator/1.7/commons-validator-1.7.jar:/home/alumno/.m2/repository/commons-beanutils/commons-beanutils/1.9.4/commons-beanutils-1.9.4.jar:/home/alumno/.m2/repository/commons-digester/commons-digester/2.1/commons-digester-2.1.jar:/home/alumno/.m2/repository/commons-collections/commons-collections/3.2.2/commons-collections-3.2.2.jar:/home/alumno/.m2/repository/org/apache/commons/commons-collections4/4.4/commons-collections4-4.4.jar:/home/alumno/.m2/repository/org/apache/httpcomponents/httpclient/4.5.14/httpclient-4.5.14.jar:/home/alumno/.m2/repository/org/apache/httpcomponents/httpcore/4.4.16/httpcore-4.4.16.jar:/home/alumno/.m2/repository/org/apache/httpcomponents/httpmime/4.5.14/httpmime-4.5.14.jar:/home/alumno/.m2/repository/com/opencsv/opencsv/5.6/opencsv-5.6.jar:/home/alumno/.m2/repository/org/hsqldb/hsqldb/2.7.1/hsqldb-2.7.1.jar:/home/alumno/.m2/repository/javax/servlet/javax.servlet-api/4.0.1/javax.servlet-api-4.0.1.jar:/home/alumno/.m2/repository/org/jvnet/opendmk/jmxremote_optional/1.0_01-ea/jmxremote_optional-1.0_01-ea.jar:/home/alumno/.m2/repository/net/sf/ehcache/ehcache-core/2.6.11/ehcache-core-2.6.11.jar:/home/alumno/.m2/repository/org/terracotta/terracotta-toolkit-1.6-runtime/5.9.0/terracotta-toolkit-1.6-runtime-5.9.0.jar:/home/alumno/.m2/repository/net/sf/ehcache/ehcache-terracotta/2.6.11/ehcache-terracotta-2.6.11.jar:/home/alumno/.m2/repository/com/hazelcast/hazelcast/3.12.13/hazelcast-3.12.13.jar:/home/alumno/.m2/repository/com/hazelcast/hazelcast-client/3.12.13/hazelcast-client-3.12.13.jar:/home/alumno/.m2/repository/com/google/guava/guava/31.0.1-jre/guava-31.0.1-jre.jar:/home/alumno/.m2/repository/com/google/guava/failureaccess/1.0.1/failureaccess-1.0.1.jar:/home/alumno/.m2/repository/com/google/guava/listenablefuture/9999.0-empty-to-avoid-conflict-with-guava/listenablefuture-9999.0-empty-to-avoid-conflict-with-guava.jar:/home/alumno/.m2/repository/org/checkerframework/checker-qual/3.12.0/checker-qual-3.12.0.jar:/home/alumno/.m2/repository/com/google/errorprone/error_prone_annotations/2.7.1/error_prone_annotations-2.7.1.jar:/home/alumno/.m2/repository/com/google/j2objc/j2objc-annotations/1.3/j2objc-annotations-1.3.jar:/home/alumno/.m2/repository/com/google/code/findbugs/jsr305/3.0.2/jsr305-3.0.2.jar:/home/alumno/.m2/repository/org/azeckoski/reflectutils/0.9.19/reflectutils-0.9.19.jar:/home/alumno/.m2/repository/com/sun/mail/jakarta.mail/1.6.7/jakarta.mail-1.6.7.jar:/home/alumno/.m2/repository/com/sun/activation/jakarta.activation/1.2.2/jakarta.activation-1.2.2.jar:/home/alumno/.m2/repository/jakarta/activation/jakarta.activation-api/1.2.2/jakarta.activation-api-1.2.2.jar:/home/alumno/.m2/repository/org/springframework/spring-core/5.3.34/spring-core-5.3.34.jar:/home/alumno/.m2/repository/org/springframework/spring-jcl/5.3.34/spring-jcl-5.3.34.jar:/home/alumno/.m2/repository/org/springframework/spring-beans/5.3.34/spring-beans-5.3.34.jar:/home/alumno/.m2/repository/org/springframework/spring-context/5.3.34/spring-context-5.3.34.jar:/home/alumno/.m2/repository/org/springframework/spring-aop/5.3.34/spring-aop-5.3.34.jar:/home/alumno/.m2/repository/org/springframework/spring-expression/5.3.34/spring-expression-5.3.34.jar:/home/alumno/.m2/repository/org/springframework/spring-context-support/5.3.34/spring-context-support-5.3.34.jar:/home/alumno/.m2/repository/org/springframework/spring-jdbc/5.3.34/spring-jdbc-5.3.34.jar:/home/alumno/.m2/repository/org/springframework/spring-orm/5.3.34/spring-orm-5.3.34.jar:/home/alumno/.m2/repository/org/springframework/spring-tx/5.3.34/spring-tx-5.3.34.jar:/home/alumno/.m2/repository/org/springframework/data/spring-data-jpa/2.5.12/spring-data-jpa-2.5.12.jar:/home/alumno/.m2/repository/org/aspectj/aspectjrt/1.9.7/aspectjrt-1.9.7.jar:/home/alumno/.m2/repository/org/springframework/data/spring-data-commons/2.4.2/spring-data-commons-2.4.2.jar:/home/alumno/.m2/repository/org/springframework/spring-test/5.3.34/spring-test-5.3.34.jar:/home/alumno/.m2/repository/org/apache/ignite/ignite-core/2.15.0/ignite-core-2.15.0.jar:/home/alumno/.m2/repository/javax/cache/cache-api/1.1.1/cache-api-1.1.1.jar:/home/alumno/.m2/repository/org/jetbrains/annotations/16.0.3/annotations-16.0.3.jar:/home/alumno/.m2/repository/org/apache/ignite/ignite-spring/2.15.0/ignite-spring-2.15.0.jar:/home/alumno/.m2/repository/org/apache/ignite/ignite-spring-cache-ext/1.0.0/ignite-spring-cache-ext-1.0.0.jar:/home/alumno/.m2/repository/org/apache/ignite/ignite-spring-data-commons/1.1.0/ignite-spring-data-commons-1.1.0.jar:/home/alumno/.m2/repository/org/apache/ignite/ignite-hibernate-ext/5.3.0/ignite-hibernate-ext-5.3.0.jar:/home/alumno/.m2/repository/org/apache/ignite/ignite-slf4j/2.15.0/ignite-slf4j-2.15.0.jar:/home/alumno/.m2/repository/org/hibernate/hibernate-entitymanager/5.6.15.Final/hibernate-entitymanager-5.6.15.Final.jar:/home/alumno/.m2/repository/org/jboss/logging/jboss-logging/3.4.3.Final/jboss-logging-3.4.3.Final.jar:/home/alumno/.m2/repository/org/hibernate/common/hibernate-commons-annotations/5.1.2.Final/hibernate-commons-annotations-5.1.2.Final.jar:/home/alumno/.m2/repository/javax/persistence/javax.persistence-api/2.2/javax.persistence-api-2.2.jar:/home/alumno/.m2/repository/net/bytebuddy/byte-buddy/1.14.3/byte-buddy-1.14.3.jar:/home/alumno/.m2/repository/org/jboss/spec/javax/transaction/jboss-transaction-api_1.2_spec/1.1.1.Final/jboss-transaction-api_1.2_spec-1.1.1.Final.jar:/home/alumno/.m2/repository/org/hibernate/hibernate-core/5.6.15.Final/hibernate-core-5.6.15.Final.jar:/home/alumno/.m2/repository/antlr/antlr/2.7.7/antlr-2.7.7.jar:/home/alumno/.m2/repository/org/jboss/jandex/2.4.3.Final/jandex-2.4.3.Final.jar:/home/alumno/.m2/repository/com/fasterxml/classmate/1.5.1/classmate-1.5.1.jar:/home/alumno/.m2/repository/javax/activation/javax.activation-api/1.2.0/javax.activation-api-1.2.0.jar:/home/alumno/.m2/repository/javax/xml/bind/jaxb-api/2.3.1/jaxb-api-2.3.1.jar:/home/alumno/.m2/repository/org/glassfish/jaxb/jaxb-runtime/2.3.6/jaxb-runtime-2.3.6.jar:/home/alumno/.m2/repository/jakarta/xml/bind/jakarta.xml.bind-api/2.3.3/jakarta.xml.bind-api-2.3.3.jar:/home/alumno/.m2/repository/org/glassfish/jaxb/txw2/2.3.6/txw2-2.3.6.jar:/home/alumno/.m2/repository/com/sun/istack/istack-commons-runtime/3.0.11/istack-commons-runtime-3.0.11.jar:/home/alumno/.m2/repository/cglib/cglib-nodep/3.3.0/cglib-nodep-3.3.0.jar:/home/alumno/.m2/repository/org/jasypt/jasypt/1.9.3/jasypt-1.9.3.jar:/home/alumno/.m2/repository/org/owasp/antisamy/antisamy/1.6.8/antisamy-1.6.8.jar:/home/alumno/.m2/repository/net/sourceforge/htmlunit/neko-htmlunit/2.61.0/neko-htmlunit-2.61.0.jar:/home/alumno/.m2/repository/org/apache/httpcomponents/client5/httpclient5/5.3.1/httpclient5-5.3.1.jar:/home/alumno/.m2/repository/org/apache/httpcomponents/core5/httpcore5-h2/5.2.4/httpcore5-h2-5.2.4.jar:/home/alumno/.m2/repository/org/apache/httpcomponents/core5/httpcore5/5.2.3/httpcore5-5.2.3.jar:/home/alumno/.m2/repository/org/apache/xmlgraphics/batik-css/1.14/batik-css-1.14.jar:/home/alumno/.m2/repository/org/apache/xmlgraphics/batik-shared-resources/1.14/batik-shared-resources-1.14.jar:/home/alumno/.m2/repository/org/apache/xmlgraphics/batik-util/1.14/batik-util-1.14.jar:/home/alumno/.m2/repository/org/apache/xmlgraphics/batik-constants/1.14/batik-constants-1.14.jar:/home/alumno/.m2/repository/org/apache/xmlgraphics/batik-i18n/1.14/batik-i18n-1.14.jar:/home/alumno/.m2/repository/org/apache/xmlgraphics/xmlgraphics-commons/1.5/xmlgraphics-commons-1.5.jar:/home/alumno/.m2/repository/xerces/xercesImpl/2.12.2/xercesImpl-2.12.2.jar:/home/alumno/.m2/repository/xml-apis/xml-apis/1.4.01/xml-apis-1.4.01.jar:/home/alumno/.m2/repository/xml-apis/xml-apis-ext/1.3.04/xml-apis-ext-1.3.04.jar:/home/alumno/.m2/repository/org/jsoup/jsoup/1.15.4/jsoup-1.15.4.jar:/home/alumno/.m2/repository/com/github/davidmoten/subethasmtp/5.2.8/subethasmtp-5.2.8.jar:/home/alumno/.m2/repository/com/google/code/findbugs/findbugs-annotations/3.0.1/findbugs-annotations-3.0.1.jar:/home/alumno/.m2/repository/com/github/davidmoten/guava-mini/0.1.3/guava-mini-0.1.3.jar:/home/alumno/.m2/repository/com/carrotsearch/java-sizeof/0.0.5/java-sizeof-0.0.5.jar:/home/alumno/.m2/repository/nl/martijndwars/web-push/5.1.1/web-push-5.1.1.jar:/home/alumno/.m2/repository/com/beust/jcommander/1.78/jcommander-1.78.jar:/home/alumno/.m2/repository/org/apache/httpcomponents/httpasyncclient/4.1.5/httpasyncclient-4.1.5.jar:/home/alumno/.m2/repository/org/apache/httpcomponents/httpcore-nio/4.4.16/httpcore-nio-4.4.16.jar:/home/alumno/.m2/repository/org/asynchttpclient/async-http-client/2.10.4/async-http-client-2.10.4.jar:/home/alumno/.m2/repository/org/asynchttpclient/async-http-client-netty-utils/2.10.4/async-http-client-netty-utils-2.10.4.jar:/home/alumno/.m2/repository/io/netty/netty-buffer/4.1.94.Final/netty-buffer-4.1.94.Final.jar:/home/alumno/.m2/repository/io/netty/netty-codec-http/4.1.94.Final/netty-codec-http-4.1.94.Final.jar:/home/alumno/.m2/repository/io/netty/netty-common/4.1.94.Final/netty-common-4.1.94.Final.jar:/home/alumno/.m2/repository/io/netty/netty-transport/4.1.94.Final/netty-transport-4.1.94.Final.jar:/home/alumno/.m2/repository/io/netty/netty-codec/4.1.94.Final/netty-codec-4.1.94.Final.jar:/home/alumno/.m2/repository/io/netty/netty-handler/4.1.94.Final/netty-handler-4.1.94.Final.jar:/home/alumno/.m2/repository/io/netty/netty-resolver/4.1.94.Final/netty-resolver-4.1.94.Final.jar:/home/alumno/.m2/repository/io/netty/netty-transport-native-unix-common/4.1.94.Final/netty-transport-native-unix-common-4.1.94.Final.jar:/home/alumno/.m2/repository/io/netty/netty-codec-socks/4.1.42.Final/netty-codec-socks-4.1.42.Final.jar:/home/alumno/.m2/repository/io/netty/netty-handler-proxy/4.1.42.Final/netty-handler-proxy-4.1.42.Final.jar:/home/alumno/.m2/repository/io/netty/netty-transport-native-epoll/4.1.42.Final/netty-transport-native-epoll-4.1.42.Final-linux-x86_64.jar:/home/alumno/.m2/repository/io/netty/netty-transport-native-kqueue/4.1.42.Final/netty-transport-native-kqueue-4.1.42.Final-osx-x86_64.jar:/home/alumno/.m2/repository/io/netty/netty-resolver-dns/4.1.42.Final/netty-resolver-dns-4.1.42.Final.jar:/home/alumno/.m2/repository/io/netty/netty-codec-dns/4.1.42.Final/netty-codec-dns-4.1.42.Final.jar:/home/alumno/.m2/repository/org/reactivestreams/reactive-streams/1.0.2/reactive-streams-1.0.2.jar:/home/alumno/.m2/repository/com/typesafe/netty/netty-reactive-streams/2.0.3/netty-reactive-streams-2.0.3.jar:/home/alumno/.m2/repository/com/sun/activation/javax.activation/1.2.0/javax.activation-1.2.0.jar:/home/alumno/.m2/repository/org/bitbucket/b_c/jose4j/0.7.0/jose4j-0.7.0.jar:/home/alumno/.m2/repository/org/bouncycastle/bcprov-jdk18on/1.72/bcprov-jdk18on-1.72.jar:/home/alumno/.m2/repository/com/fasterxml/jackson/datatype/jackson-datatype-jsr310/2.16.1/jackson-datatype-jsr310-2.16.1.jar:/home/alumno/.m2/repository/com/fasterxml/jackson/core/jackson-annotations/2.16.1/jackson-annotations-2.16.1.jar:/home/alumno/.m2/repository/com/fasterxml/jackson/core/jackson-core/2.16.1/jackson-core-2.16.1.jar:/home/alumno/.m2/repository/com/fasterxml/jackson/core/jackson-databind/2.16.1/jackson-databind-2.16.1.jar:/home/alumno/.m2/repository/org/jmock/jmock/2.5.1/jmock-2.5.1.jar:/home/alumno/.m2/repository/org/jmock/jmock-junit4/2.5.1/jmock-junit4-2.5.1.jar:/home/alumno/.m2/repository/org/jmock/jmock-legacy/2.8.4/jmock-legacy-2.8.4.jar:/home/alumno/.m2/repository/org/objenesis/objenesis/2.1/objenesis-2.1.jar:/home/alumno/.m2/repository/org/jmock/jmock-junit3/2.5.1/jmock-junit3-2.5.1.jar:/home/alumno/.m2/repository/org/mockito/mockito-core/3.11.2/mockito-core-3.11.2.jar:/home/alumno/.m2/repository/net/bytebuddy/byte-buddy-agent/1.11.3/byte-buddy-agent-1.11.3.jar:/home/alumno/.m2/repository/org/assertj/assertj-core/3.23.1/assertj-core-3.23.1.jar:/home/alumno/.m2/repository/org/hamcrest/hamcrest-core/2.2/hamcrest-core-2.2.jar:/home/alumno/.m2/repository/org/hamcrest/hamcrest/2.2/hamcrest-2.2.jar:/home/alumno/.m2/repository/org/hamcrest/hamcrest-library/2.2/hamcrest-library-2.2.jar:/home/alumno/.m2/repository/com/zaxxer/HikariCP/5.0.1/HikariCP-5.0.1.jar:/home/alumno/.m2/repository/org/passay/passay/1.6.4/passay-1.6.4.jar:/home/alumno/.m2/repository/org/freemarker/freemarker/2.3.32/freemarker-2.3.32.jar:/home/alumno/.m2/repository/org/simpleframework/simple-xml/2.7.1/simple-xml-2.7.1.jar:/home/alumno/.m2/repository/stax/stax-api/1.0.1/stax-api-1.0.1.jar:/home/alumno/.m2/repository/stax/stax/1.2.0/stax-1.2.0.jar:/home/alumno/.m2/repository/xpp3/xpp3/1.1.3.3/xpp3-1.1.3.3.jar:/home/alumno/.m2/repository/com/googlecode/json-simple/json-simple/1.1.1/json-simple-1.1.1.jar:/home/alumno/.m2/repository/jakarta/annotation/jakarta.annotation-api/1.3.5/jakarta.annotation-api-1.3.5.jar:/home/alumno/.m2/repository/org/slf4j/slf4j-api/1.7.36/slf4j-api-1.7.36.jar:/home/alumno/.m2/repository/org/apache/logging/log4j/log4j-api/2.23.0/log4j-api-2.23.0.jar:/home/alumno/.m2/repository/org/apache/logging/log4j/log4j-slf4j-impl/2.23.0/log4j-slf4j-impl-2.23.0.jar:/home/alumno/.m2/repository/org/slf4j/jcl-over-slf4j/1.7.36/jcl-over-slf4j-1.7.36.jar:/home/alumno/.m2/repository/org/apache/logging/log4j/log4j-core/2.23.0/log4j-core-2.23.0.jar:/home/alumno/.m2/repository/org/projectlombok/lombok/1.18.32/lombok-1.18.32.jar:/home/alumno/.m2/repository/junit/junit/4.13.2/junit-4.13.2.jar:"/>
    <property name="java.vm.vendor" value="Ubuntu"/>
    <property name="sun.arch.data.model" value="64"/>
    <property name="java.vendor.url" value="https://ubuntu.com/"/>
    <property name="user.timezone" value=""/>
    <property name="java.vm.specification.version" value="11"/>
    <property name="os.name" value="Linux"/>
    <property name="sun.java.launcher" value="SUN_STANDARD"/>
    <property name="user.country" value="ES"/>
    <property name="sun.boot.library.path" value="/usr/lib/jvm/java-11-openjdk-amd64/lib"/>
    <property name="sun.java.command" value="/home/alumno/Escritorio/kernel/kernel-impl/target/surefire/surefirebooter-20240522155005560_93.jar /home/alumno/Escritorio/kernel/kernel-impl/target/surefire 2024-05-22T15-49-05_392-jvmRun1 surefire-20240522155005560_91tmp surefire_26-20240522155005560_92tmp"/>
    <property name="jdk.debug" value="release"/>
    <property name="surefire.test.class.path" value="/home/alumno/Escritorio/kernel/kernel-impl/target/test-classes:/home/alumno/Escritorio/kernel/kernel-impl/target/classes:/home/alumno/Escritorio/kernel/api/target/classes:/home/alumno/Escritorio/kernel/component-manager/target/classes:/home/alumno/Escritorio/kernel/kernel-util/target/classes:/home/alumno/Escritorio/kernel/kernel-storage-util/target/classes:/home/alumno/Escritorio/kernel/kernel-test/target/classes:/home/alumno/.m2/repository/org/apache/tika/tika-core/3.0.0-BETA/tika-core-3.0.0-BETA.jar:/home/alumno/.m2/repository/org/apache/tika/tika-parsers-standard-package/3.0.0-BETA/tika-parsers-standard-package-3.0.0-BETA.jar:/home/alumno/.m2/repository/org/apache/tika/tika-parser-apple-module/3.0.0-BETA/tika-parser-apple-module-3.0.0-BETA.jar:/home/alumno/.m2/repository/org/apache/tika/tika-parser-zip-commons/3.0.0-BETA/tika-parser-zip-commons-3.0.0-BETA.jar:/home/alumno/.m2/repository/com/googlecode/plist/dd-plist/1.27/dd-plist-1.27.jar:/home/alumno/.m2/repository/org/apache/tika/tika-parser-audiovideo-module/3.0.0-BETA/tika-parser-audiovideo-module-3.0.0-BETA.jar:/home/alumno/.m2/repository/com/drewnoakes/metadata-extractor/2.19.0/metadata-extractor-2.19.0.jar:/home/alumno/.m2/repository/com/adobe/xmp/xmpcore/6.1.11/xmpcore-6.1.11.jar:/home/alumno/.m2/repository/org/apache/tika/tika-parser-cad-module/3.0.0-BETA/tika-parser-cad-module-3.0.0-BETA.jar:/home/alumno/.m2/repository/org/apache/tika/tika-parser-code-module/3.0.0-BETA/tika-parser-code-module-3.0.0-BETA.jar:/home/alumno/.m2/repository/org/codelibs/jhighlight/1.1.0/jhighlight-1.1.0.jar:/home/alumno/.m2/repository/org/ccil/cowan/tagsoup/tagsoup/1.2.1/tagsoup-1.2.1.jar:/home/alumno/.m2/repository/org/ow2/asm/asm/9.6/asm-9.6.jar:/home/alumno/.m2/repository/com/epam/parso/2.0.14/parso-2.0.14.jar:/home/alumno/.m2/repository/org/tallison/jmatio/1.5/jmatio-1.5.jar:/home/alumno/.m2/repository/org/apache/tika/tika-parser-crypto-module/3.0.0-BETA/tika-parser-crypto-module-3.0.0-BETA.jar:/home/alumno/.m2/repository/org/bouncycastle/bcjmail-jdk18on/1.77/bcjmail-jdk18on-1.77.jar:/home/alumno/.m2/repository/org/bouncycastle/bcutil-jdk18on/1.77/bcutil-jdk18on-1.77.jar:/home/alumno/.m2/repository/org/bouncycastle/bcpkix-jdk18on/1.77/bcpkix-jdk18on-1.77.jar:/home/alumno/.m2/repository/org/apache/tika/tika-parser-digest-commons/3.0.0-BETA/tika-parser-digest-commons-3.0.0-BETA.jar:/home/alumno/.m2/repository/org/apache/tika/tika-parser-font-module/3.0.0-BETA/tika-parser-font-module-3.0.0-BETA.jar:/home/alumno/.m2/repository/org/apache/pdfbox/fontbox/3.0.1/fontbox-3.0.1.jar:/home/alumno/.m2/repository/org/apache/pdfbox/pdfbox-io/3.0.1/pdfbox-io-3.0.1.jar:/home/alumno/.m2/repository/org/junit/jupiter/junit-jupiter/5.10.1/junit-jupiter-5.10.1.jar:/home/alumno/.m2/repository/org/junit/jupiter/junit-jupiter-api/5.10.1/junit-jupiter-api-5.10.1.jar:/home/alumno/.m2/repository/org/opentest4j/opentest4j/1.3.0/opentest4j-1.3.0.jar:/home/alumno/.m2/repository/org/junit/platform/junit-platform-commons/1.10.1/junit-platform-commons-1.10.1.jar:/home/alumno/.m2/repository/org/apiguardian/apiguardian-api/1.1.2/apiguardian-api-1.1.2.jar:/home/alumno/.m2/repository/org/junit/jupiter/junit-jupiter-params/5.10.1/junit-jupiter-params-5.10.1.jar:/home/alumno/.m2/repository/org/junit/jupiter/junit-jupiter-engine/5.10.1/junit-jupiter-engine-5.10.1.jar:/home/alumno/.m2/repository/org/junit/platform/junit-platform-engine/1.10.1/junit-platform-engine-1.10.1.jar:/home/alumno/.m2/repository/org/apache/tika/tika-parser-html-module/3.0.0-BETA/tika-parser-html-module-3.0.0-BETA.jar:/home/alumno/.m2/repository/org/apache/tika/tika-parser-image-module/3.0.0-BETA/tika-parser-image-module-3.0.0-BETA.jar:/home/alumno/.m2/repository/com/github/jai-imageio/jai-imageio-core/1.4.0/jai-imageio-core-1.4.0.jar:/home/alumno/.m2/repository/org/apache/pdfbox/jbig2-imageio/3.0.4/jbig2-imageio-3.0.4.jar:/home/alumno/.m2/repository/org/apache/tika/tika-parser-mail-module/3.0.0-BETA/tika-parser-mail-module-3.0.0-BETA.jar:/home/alumno/.m2/repository/org/apache/tika/tika-parser-mail-commons/3.0.0-BETA/tika-parser-mail-commons-3.0.0-BETA.jar:/home/alumno/.m2/repository/org/apache/james/apache-mime4j-core/0.8.9/apache-mime4j-core-0.8.9.jar:/home/alumno/.m2/repository/org/apache/james/apache-mime4j-dom/0.8.9/apache-mime4j-dom-0.8.9.jar:/home/alumno/.m2/repository/org/apache/tika/tika-parser-microsoft-module/3.0.0-BETA/tika-parser-microsoft-module-3.0.0-BETA.jar:/home/alumno/.m2/repository/com/pff/java-libpst/0.9.3/java-libpst-0.9.3.jar:/home/alumno/.m2/repository/org/apache/poi/poi/5.2.5/poi-5.2.5.jar:/home/alumno/.m2/repository/org/apache/commons/commons-math3/3.6.1/commons-math3-3.6.1.jar:/home/alumno/.m2/repository/com/zaxxer/SparseBitSet/1.3/SparseBitSet-1.3.jar:/home/alumno/.m2/repository/org/apache/poi/poi-scratchpad/5.2.5/poi-scratchpad-5.2.5.jar:/home/alumno/.m2/repository/org/apache/poi/poi-ooxml/5.2.5/poi-ooxml-5.2.5.jar:/home/alumno/.m2/repository/org/apache/poi/poi-ooxml-lite/5.2.5/poi-ooxml-lite-5.2.5.jar:/home/alumno/.m2/repository/org/apache/xmlbeans/xmlbeans/5.2.0/xmlbeans-5.2.0.jar:/home/alumno/.m2/repository/com/github/virtuald/curvesapi/1.08/curvesapi-1.08.jar:/home/alumno/.m2/repository/com/healthmarketscience/jackcess/jackcess/4.0.5/jackcess-4.0.5.jar:/home/alumno/.m2/repository/com/healthmarketscience/jackcess/jackcess-encrypt/4.0.2/jackcess-encrypt-4.0.2.jar:/home/alumno/.m2/repository/org/apache/tika/tika-parser-miscoffice-module/3.0.0-BETA/tika-parser-miscoffice-module-3.0.0-BETA.jar:/home/alumno/.m2/repository/org/apache/tika/tika-parser-news-module/3.0.0-BETA/tika-parser-news-module-3.0.0-BETA.jar:/home/alumno/.m2/repository/com/rometools/rome/2.1.0/rome-2.1.0.jar:/home/alumno/.m2/repository/com/rometools/rome-utils/2.1.0/rome-utils-2.1.0.jar:/home/alumno/.m2/repository/org/jdom/jdom2/2.0.6.1/jdom2-2.0.6.1.jar:/home/alumno/.m2/repository/org/apache/tika/tika-parser-ocr-module/3.0.0-BETA/tika-parser-ocr-module-3.0.0-BETA.jar:/home/alumno/.m2/repository/org/apache/commons/commons-exec/1.3/commons-exec-1.3.jar:/home/alumno/.m2/repository/org/apache/tika/tika-parser-pdf-module/3.0.0-BETA/tika-parser-pdf-module-3.0.0-BETA.jar:/home/alumno/.m2/repository/org/apache/pdfbox/pdfbox/3.0.1/pdfbox-3.0.1.jar:/home/alumno/.m2/repository/org/apache/pdfbox/pdfbox-tools/3.0.1/pdfbox-tools-3.0.1.jar:/home/alumno/.m2/repository/info/picocli/picocli/4.7.5/picocli-4.7.5.jar:/home/alumno/.m2/repository/org/apache/pdfbox/jempbox/1.8.17/jempbox-1.8.17.jar:/home/alumno/.m2/repository/org/apache/tika/tika-parser-pkg-module/3.0.0-BETA/tika-parser-pkg-module-3.0.0-BETA.jar:/home/alumno/.m2/repository/org/tukaani/xz/1.9/xz-1.9.jar:/home/alumno/.m2/repository/org/brotli/dec/0.1.2/dec-0.1.2.jar:/home/alumno/.m2/repository/com/github/junrar/junrar/7.5.5/junrar-7.5.5.jar:/home/alumno/.m2/repository/org/apache/tika/tika-parser-text-module/3.0.0-BETA/tika-parser-text-module-3.0.0-BETA.jar:/home/alumno/.m2/repository/com/github/albfernandez/juniversalchardet/2.4.0/juniversalchardet-2.4.0.jar:/home/alumno/.m2/repository/org/apache/commons/commons-csv/1.10.0/commons-csv-1.10.0.jar:/home/alumno/.m2/repository/org/apache/tika/tika-parser-webarchive-module/3.0.0-BETA/tika-parser-webarchive-module-3.0.0-BETA.jar:/home/alumno/.m2/repository/org/netpreserve/jwarc/0.28.3/jwarc-0.28.3.jar:/home/alumno/.m2/repository/org/apache/commons/commons-compress/1.26.1/commons-compress-1.26.1.jar:/home/alumno/.m2/repository/org/apache/tika/tika-parser-xml-module/3.0.0-BETA/tika-parser-xml-module-3.0.0-BETA.jar:/home/alumno/.m2/repository/org/apache/tika/tika-parser-xmp-commons/3.0.0-BETA/tika-parser-xmp-commons-3.0.0-BETA.jar:/home/alumno/.m2/repository/org/apache/pdfbox/xmpbox/3.0.1/xmpbox-3.0.1.jar:/home/alumno/.m2/repository/org/gagravarr/vorbis-java-tika/0.8/vorbis-java-tika-0.8.jar:/home/alumno/.m2/repository/org/gagravarr/vorbis-java-core/0.8/vorbis-java-core-0.8.jar:/home/alumno/.m2/repository/com/vdurmont/emoji-java/5.1.1/emoji-java-5.1.1.jar:/home/alumno/.m2/repository/org/json/json/20170516/json-20170516.jar:/home/alumno/.m2/repository/org/zwobble/mammoth/mammoth/1.4.2/mammoth-1.4.2.jar:/home/alumno/.m2/repository/commons-codec/commons-codec/1.17.0/commons-codec-1.17.0.jar:/home/alumno/.m2/repository/commons-io/commons-io/2.16.1/commons-io-2.16.1.jar:/home/alumno/.m2/repository/org/apache/commons/commons-lang3/3.14.0/commons-lang3-3.14.0.jar:/home/alumno/.m2/repository/org/apache/commons/commons-text/1.12.0/commons-text-1.12.0.jar:/home/alumno/.m2/repository/commons-validator/commons-validator/1.7/commons-validator-1.7.jar:/home/alumno/.m2/repository/commons-beanutils/commons-beanutils/1.9.4/commons-beanutils-1.9.4.jar:/home/alumno/.m2/repository/commons-digester/commons-digester/2.1/commons-digester-2.1.jar:/home/alumno/.m2/repository/commons-collections/commons-collections/3.2.2/commons-collections-3.2.2.jar:/home/alumno/.m2/repository/org/apache/commons/commons-collections4/4.4/commons-collections4-4.4.jar:/home/alumno/.m2/repository/org/apache/httpcomponents/httpclient/4.5.14/httpclient-4.5.14.jar:/home/alumno/.m2/repository/org/apache/httpcomponents/httpcore/4.4.16/httpcore-4.4.16.jar:/home/alumno/.m2/repository/org/apache/httpcomponents/httpmime/4.5.14/httpmime-4.5.14.jar:/home/alumno/.m2/repository/com/opencsv/opencsv/5.6/opencsv-5.6.jar:/home/alumno/.m2/repository/org/hsqldb/hsqldb/2.7.1/hsqldb-2.7.1.jar:/home/alumno/.m2/repository/javax/servlet/javax.servlet-api/4.0.1/javax.servlet-api-4.0.1.jar:/home/alumno/.m2/repository/org/jvnet/opendmk/jmxremote_optional/1.0_01-ea/jmxremote_optional-1.0_01-ea.jar:/home/alumno/.m2/repository/net/sf/ehcache/ehcache-core/2.6.11/ehcache-core-2.6.11.jar:/home/alumno/.m2/repository/org/terracotta/terracotta-toolkit-1.6-runtime/5.9.0/terracotta-toolkit-1.6-runtime-5.9.0.jar:/home/alumno/.m2/repository/net/sf/ehcache/ehcache-terracotta/2.6.11/ehcache-terracotta-2.6.11.jar:/home/alumno/.m2/repository/com/hazelcast/hazelcast/3.12.13/hazelcast-3.12.13.jar:/home/alumno/.m2/repository/com/hazelcast/hazelcast-client/3.12.13/hazelcast-client-3.12.13.jar:/home/alumno/.m2/repository/com/google/guava/guava/31.0.1-jre/guava-31.0.1-jre.jar:/home/alumno/.m2/repository/com/google/guava/failureaccess/1.0.1/failureaccess-1.0.1.jar:/home/alumno/.m2/repository/com/google/guava/listenablefuture/9999.0-empty-to-avoid-conflict-with-guava/listenablefuture-9999.0-empty-to-avoid-conflict-with-guava.jar:/home/alumno/.m2/repository/org/checkerframework/checker-qual/3.12.0/checker-qual-3.12.0.jar:/home/alumno/.m2/repository/com/google/errorprone/error_prone_annotations/2.7.1/error_prone_annotations-2.7.1.jar:/home/alumno/.m2/repository/com/google/j2objc/j2objc-annotations/1.3/j2objc-annotations-1.3.jar:/home/alumno/.m2/repository/com/google/code/findbugs/jsr305/3.0.2/jsr305-3.0.2.jar:/home/alumno/.m2/repository/org/azeckoski/reflectutils/0.9.19/reflectutils-0.9.19.jar:/home/alumno/.m2/repository/com/sun/mail/jakarta.mail/1.6.7/jakarta.mail-1.6.7.jar:/home/alumno/.m2/repository/com/sun/activation/jakarta.activation/1.2.2/jakarta.activation-1.2.2.jar:/home/alumno/.m2/repository/jakarta/activation/jakarta.activation-api/1.2.2/jakarta.activation-api-1.2.2.jar:/home/alumno/.m2/repository/org/springframework/spring-core/5.3.34/spring-core-5.3.34.jar:/home/alumno/.m2/repository/org/springframework/spring-jcl/5.3.34/spring-jcl-5.3.34.jar:/home/alumno/.m2/repository/org/springframework/spring-beans/5.3.34/spring-beans-5.3.34.jar:/home/alumno/.m2/repository/org/springframework/spring-context/5.3.34/spring-context-5.3.34.jar:/home/alumno/.m2/repository/org/springframework/spring-aop/5.3.34/spring-aop-5.3.34.jar:/home/alumno/.m2/repository/org/springframework/spring-expression/5.3.34/spring-expression-5.3.34.jar:/home/alumno/.m2/repository/org/springframework/spring-context-support/5.3.34/spring-context-support-5.3.34.jar:/home/alumno/.m2/repository/org/springframework/spring-jdbc/5.3.34/spring-jdbc-5.3.34.jar:/home/alumno/.m2/repository/org/springframework/spring-orm/5.3.34/spring-orm-5.3.34.jar:/home/alumno/.m2/repository/org/springframework/spring-tx/5.3.34/spring-tx-5.3.34.jar:/home/alumno/.m2/repository/org/springframework/data/spring-data-jpa/2.5.12/spring-data-jpa-2.5.12.jar:/home/alumno/.m2/repository/org/aspectj/aspectjrt/1.9.7/aspectjrt-1.9.7.jar:/home/alumno/.m2/repository/org/springframework/data/spring-data-commons/2.4.2/spring-data-commons-2.4.2.jar:/home/alumno/.m2/repository/org/springframework/spring-test/5.3.34/spring-test-5.3.34.jar:/home/alumno/.m2/repository/org/apache/ignite/ignite-core/2.15.0/ignite-core-2.15.0.jar:/home/alumno/.m2/repository/javax/cache/cache-api/1.1.1/cache-api-1.1.1.jar:/home/alumno/.m2/repository/org/jetbrains/annotations/16.0.3/annotations-16.0.3.jar:/home/alumno/.m2/repository/org/apache/ignite/ignite-spring/2.15.0/ignite-spring-2.15.0.jar:/home/alumno/.m2/repository/org/apache/ignite/ignite-spring-cache-ext/1.0.0/ignite-spring-cache-ext-1.0.0.jar:/home/alumno/.m2/repository/org/apache/ignite/ignite-spring-data-commons/1.1.0/ignite-spring-data-commons-1.1.0.jar:/home/alumno/.m2/repository/org/apache/ignite/ignite-hibernate-ext/5.3.0/ignite-hibernate-ext-5.3.0.jar:/home/alumno/.m2/repository/org/apache/ignite/ignite-slf4j/2.15.0/ignite-slf4j-2.15.0.jar:/home/alumno/.m2/repository/org/hibernate/hibernate-entitymanager/5.6.15.Final/hibernate-entitymanager-5.6.15.Final.jar:/home/alumno/.m2/repository/org/jboss/logging/jboss-logging/3.4.3.Final/jboss-logging-3.4.3.Final.jar:/home/alumno/.m2/repository/org/hibernate/common/hibernate-commons-annotations/5.1.2.Final/hibernate-commons-annotations-5.1.2.Final.jar:/home/alumno/.m2/repository/javax/persistence/javax.persistence-api/2.2/javax.persistence-api-2.2.jar:/home/alumno/.m2/repository/net/bytebuddy/byte-buddy/1.14.3/byte-buddy-1.14.3.jar:/home/alumno/.m2/repository/org/jboss/spec/javax/transaction/jboss-transaction-api_1.2_spec/1.1.1.Final/jboss-transaction-api_1.2_spec-1.1.1.Final.jar:/home/alumno/.m2/repository/org/hibernate/hibernate-core/5.6.15.Final/hibernate-core-5.6.15.Final.jar:/home/alumno/.m2/repository/antlr/antlr/2.7.7/antlr-2.7.7.jar:/home/alumno/.m2/repository/org/jboss/jandex/2.4.3.Final/jandex-2.4.3.Final.jar:/home/alumno/.m2/repository/com/fasterxml/classmate/1.5.1/classmate-1.5.1.jar:/home/alumno/.m2/repository/javax/activation/javax.activation-api/1.2.0/javax.activation-api-1.2.0.jar:/home/alumno/.m2/repository/javax/xml/bind/jaxb-api/2.3.1/jaxb-api-2.3.1.jar:/home/alumno/.m2/repository/org/glassfish/jaxb/jaxb-runtime/2.3.6/jaxb-runtime-2.3.6.jar:/home/alumno/.m2/repository/jakarta/xml/bind/jakarta.xml.bind-api/2.3.3/jakarta.xml.bind-api-2.3.3.jar:/home/alumno/.m2/repository/org/glassfish/jaxb/txw2/2.3.6/txw2-2.3.6.jar:/home/alumno/.m2/repository/com/sun/istack/istack-commons-runtime/3.0.11/istack-commons-runtime-3.0.11.jar:/home/alumno/.m2/repository/cglib/cglib-nodep/3.3.0/cglib-nodep-3.3.0.jar:/home/alumno/.m2/repository/org/jasypt/jasypt/1.9.3/jasypt-1.9.3.jar:/home/alumno/.m2/repository/org/owasp/antisamy/antisamy/1.6.8/antisamy-1.6.8.jar:/home/alumno/.m2/repository/net/sourceforge/htmlunit/neko-htmlunit/2.61.0/neko-htmlunit-2.61.0.jar:/home/alumno/.m2/repository/org/apache/httpcomponents/client5/httpclient5/5.3.1/httpclient5-5.3.1.jar:/home/alumno/.m2/repository/org/apache/httpcomponents/core5/httpcore5-h2/5.2.4/httpcore5-h2-5.2.4.jar:/home/alumno/.m2/repository/org/apache/httpcomponents/core5/httpcore5/5.2.3/httpcore5-5.2.3.jar:/home/alumno/.m2/repository/org/apache/xmlgraphics/batik-css/1.14/batik-css-1.14.jar:/home/alumno/.m2/repository/org/apache/xmlgraphics/batik-shared-resources/1.14/batik-shared-resources-1.14.jar:/home/alumno/.m2/repository/org/apache/xmlgraphics/batik-util/1.14/batik-util-1.14.jar:/home/alumno/.m2/repository/org/apache/xmlgraphics/batik-constants/1.14/batik-constants-1.14.jar:/home/alumno/.m2/repository/org/apache/xmlgraphics/batik-i18n/1.14/batik-i18n-1.14.jar:/home/alumno/.m2/repository/org/apache/xmlgraphics/xmlgraphics-commons/1.5/xmlgraphics-commons-1.5.jar:/home/alumno/.m2/repository/xerces/xercesImpl/2.12.2/xercesImpl-2.12.2.jar:/home/alumno/.m2/repository/xml-apis/xml-apis/1.4.01/xml-apis-1.4.01.jar:/home/alumno/.m2/repository/xml-apis/xml-apis-ext/1.3.04/xml-apis-ext-1.3.04.jar:/home/alumno/.m2/repository/org/jsoup/jsoup/1.15.4/jsoup-1.15.4.jar:/home/alumno/.m2/repository/com/github/davidmoten/subethasmtp/5.2.8/subethasmtp-5.2.8.jar:/home/alumno/.m2/repository/com/google/code/findbugs/findbugs-annotations/3.0.1/findbugs-annotations-3.0.1.jar:/home/alumno/.m2/repository/com/github/davidmoten/guava-mini/0.1.3/guava-mini-0.1.3.jar:/home/alumno/.m2/repository/com/carrotsearch/java-sizeof/0.0.5/java-sizeof-0.0.5.jar:/home/alumno/.m2/repository/nl/martijndwars/web-push/5.1.1/web-push-5.1.1.jar:/home/alumno/.m2/repository/com/beust/jcommander/1.78/jcommander-1.78.jar:/home/alumno/.m2/repository/org/apache/httpcomponents/httpasyncclient/4.1.5/httpasyncclient-4.1.5.jar:/home/alumno/.m2/repository/org/apache/httpcomponents/httpcore-nio/4.4.16/httpcore-nio-4.4.16.jar:/home/alumno/.m2/repository/org/asynchttpclient/async-http-client/2.10.4/async-http-client-2.10.4.jar:/home/alumno/.m2/repository/org/asynchttpclient/async-http-client-netty-utils/2.10.4/async-http-client-netty-utils-2.10.4.jar:/home/alumno/.m2/repository/io/netty/netty-buffer/4.1.94.Final/netty-buffer-4.1.94.Final.jar:/home/alumno/.m2/repository/io/netty/netty-codec-http/4.1.94.Final/netty-codec-http-4.1.94.Final.jar:/home/alumno/.m2/repository/io/netty/netty-common/4.1.94.Final/netty-common-4.1.94.Final.jar:/home/alumno/.m2/repository/io/netty/netty-transport/4.1.94.Final/netty-transport-4.1.94.Final.jar:/home/alumno/.m2/repository/io/netty/netty-codec/4.1.94.Final/netty-codec-4.1.94.Final.jar:/home/alumno/.m2/repository/io/netty/netty-handler/4.1.94.Final/netty-handler-4.1.94.Final.jar:/home/alumno/.m2/repository/io/netty/netty-resolver/4.1.94.Final/netty-resolver-4.1.94.Final.jar:/home/alumno/.m2/repository/io/netty/netty-transport-native-unix-common/4.1.94.Final/netty-transport-native-unix-common-4.1.94.Final.jar:/home/alumno/.m2/repository/io/netty/netty-codec-socks/4.1.42.Final/netty-codec-socks-4.1.42.Final.jar:/home/alumno/.m2/repository/io/netty/netty-handler-proxy/4.1.42.Final/netty-handler-proxy-4.1.42.Final.jar:/home/alumno/.m2/repository/io/netty/netty-transport-native-epoll/4.1.42.Final/netty-transport-native-epoll-4.1.42.Final-linux-x86_64.jar:/home/alumno/.m2/repository/io/netty/netty-transport-native-kqueue/4.1.42.Final/netty-transport-native-kqueue-4.1.42.Final-osx-x86_64.jar:/home/alumno/.m2/repository/io/netty/netty-resolver-dns/4.1.42.Final/netty-resolver-dns-4.1.42.Final.jar:/home/alumno/.m2/repository/io/netty/netty-codec-dns/4.1.42.Final/netty-codec-dns-4.1.42.Final.jar:/home/alumno/.m2/repository/org/reactivestreams/reactive-streams/1.0.2/reactive-streams-1.0.2.jar:/home/alumno/.m2/repository/com/typesafe/netty/netty-reactive-streams/2.0.3/netty-reactive-streams-2.0.3.jar:/home/alumno/.m2/repository/com/sun/activation/javax.activation/1.2.0/javax.activation-1.2.0.jar:/home/alumno/.m2/repository/org/bitbucket/b_c/jose4j/0.7.0/jose4j-0.7.0.jar:/home/alumno/.m2/repository/org/bouncycastle/bcprov-jdk18on/1.72/bcprov-jdk18on-1.72.jar:/home/alumno/.m2/repository/com/fasterxml/jackson/datatype/jackson-datatype-jsr310/2.16.1/jackson-datatype-jsr310-2.16.1.jar:/home/alumno/.m2/repository/com/fasterxml/jackson/core/jackson-annotations/2.16.1/jackson-annotations-2.16.1.jar:/home/alumno/.m2/repository/com/fasterxml/jackson/core/jackson-core/2.16.1/jackson-core-2.16.1.jar:/home/alumno/.m2/repository/com/fasterxml/jackson/core/jackson-databind/2.16.1/jackson-databind-2.16.1.jar:/home/alumno/.m2/repository/org/jmock/jmock/2.5.1/jmock-2.5.1.jar:/home/alumno/.m2/repository/org/jmock/jmock-junit4/2.5.1/jmock-junit4-2.5.1.jar:/home/alumno/.m2/repository/org/jmock/jmock-legacy/2.8.4/jmock-legacy-2.8.4.jar:/home/alumno/.m2/repository/org/objenesis/objenesis/2.1/objenesis-2.1.jar:/home/alumno/.m2/repository/org/jmock/jmock-junit3/2.5.1/jmock-junit3-2.5.1.jar:/home/alumno/.m2/repository/org/mockito/mockito-core/3.11.2/mockito-core-3.11.2.jar:/home/alumno/.m2/repository/net/bytebuddy/byte-buddy-agent/1.11.3/byte-buddy-agent-1.11.3.jar:/home/alumno/.m2/repository/org/assertj/assertj-core/3.23.1/assertj-core-3.23.1.jar:/home/alumno/.m2/repository/org/hamcrest/hamcrest-core/2.2/hamcrest-core-2.2.jar:/home/alumno/.m2/repository/org/hamcrest/hamcrest/2.2/hamcrest-2.2.jar:/home/alumno/.m2/repository/org/hamcrest/hamcrest-library/2.2/hamcrest-library-2.2.jar:/home/alumno/.m2/repository/com/zaxxer/HikariCP/5.0.1/HikariCP-5.0.1.jar:/home/alumno/.m2/repository/org/passay/passay/1.6.4/passay-1.6.4.jar:/home/alumno/.m2/repository/org/freemarker/freemarker/2.3.32/freemarker-2.3.32.jar:/home/alumno/.m2/repository/org/simpleframework/simple-xml/2.7.1/simple-xml-2.7.1.jar:/home/alumno/.m2/repository/stax/stax-api/1.0.1/stax-api-1.0.1.jar:/home/alumno/.m2/repository/stax/stax/1.2.0/stax-1.2.0.jar:/home/alumno/.m2/repository/xpp3/xpp3/1.1.3.3/xpp3-1.1.3.3.jar:/home/alumno/.m2/repository/com/googlecode/json-simple/json-simple/1.1.1/json-simple-1.1.1.jar:/home/alumno/.m2/repository/jakarta/annotation/jakarta.annotation-api/1.3.5/jakarta.annotation-api-1.3.5.jar:/home/alumno/.m2/repository/org/slf4j/slf4j-api/1.7.36/slf4j-api-1.7.36.jar:/home/alumno/.m2/repository/org/apache/logging/log4j/log4j-api/2.23.0/log4j-api-2.23.0.jar:/home/alumno/.m2/repository/org/apache/logging/log4j/log4j-slf4j-impl/2.23.0/log4j-slf4j-impl-2.23.0.jar:/home/alumno/.m2/repository/org/slf4j/jcl-over-slf4j/1.7.36/jcl-over-slf4j-1.7.36.jar:/home/alumno/.m2/repository/org/apache/logging/log4j/log4j-core/2.23.0/log4j-core-2.23.0.jar:/home/alumno/.m2/repository/org/projectlombok/lombok/1.18.32/lombok-1.18.32.jar:/home/alumno/.m2/repository/junit/junit/4.13.2/junit-4.13.2.jar:"/>
    <property name="sun.cpu.endian" value="little"/>
    <property name="user.home" value="/home/alumno"/>
    <property name="user.language" value="es"/>
    <property name="java.specification.vendor" value="Oracle Corporation"/>
    <property name="java.version.date" value="2024-01-16"/>
    <property name="java.home" value="/usr/lib/jvm/java-11-openjdk-amd64"/>
    <property name="file.separator" value="/"/>
    <property name="basedir" value="/home/alumno/Escritorio/kernel/kernel-impl"/>
    <property name="java.vm.compressedOopsMode" value="Zero based"/>
    <property name="line.separator" value="&#10;"/>
    <property name="java.specification.name" value="Java Platform API Specification"/>
    <property name="java.vm.specification.vendor" value="Oracle Corporation"/>
    <property name="java.awt.graphicsenv" value="sun.awt.X11GraphicsEnvironment"/>
    <property name="java.awt.headless" value="true"/>
    <property name="lombok.disable" value="true"/>
    <property name="surefire.real.class.path" value="/home/alumno/Escritorio/kernel/kernel-impl/target/surefire/surefirebooter-20240522155005560_93.jar"/>
    <property name="sun.management.compiler" value="HotSpot 64-Bit Tiered Compilers"/>
    <property name="java.runtime.version" value="11.0.22+7-post-Ubuntu-0ubuntu222.04.1"/>
    <property name="user.name" value="alumno"/>
    <property name="path.separator" value=":"/>
    <property name="java.security.egd" value="file:/dev/./urandom"/>
    <property name="os.version" value="6.2.16-5-pve"/>
    <property name="test.sakai.home" value=""/>
    <property name="java.runtime.name" value="OpenJDK Runtime Environment"/>
    <property name="file.encoding" value="UTF-8"/>
    <property name="java.vm.name" value="OpenJDK 64-Bit Server VM"/>
    <property name="localRepository" value="/home/alumno/.m2/repository"/>
    <property name="java.vendor.url.bug" value="https://bugs.launchpad.net/ubuntu/+source/openjdk-lts"/>
    <property name="java.io.tmpdir" value="/tmp"/>
    <property name="java.version" value="11.0.22"/>
    <property name="user.dir" value="/home/alumno/Escritorio/kernel/kernel-impl"/>
    <property name="os.arch" value="amd64"/>
    <property name="java.vm.specification.name" value="Java Virtual Machine Specification"/>
    <property name="java.awt.printerjob" value="sun.print.PSPrinterJob"/>
    <property name="maven.tomcat.home" value=""/>
    <property name="sun.os.patch.level" value="unknown"/>
    <property name="java.library.path" value="/usr/java/packages/lib:/usr/lib/x86_64-linux-gnu/jni:/lib/x86_64-linux-gnu:/usr/lib/x86_64-linux-gnu:/usr/lib/jni:/lib:/usr/lib"/>
    <property name="java.vm.info" value="mixed mode, sharing"/>
    <property name="java.vendor" value="Ubuntu"/>
    <property name="java.vm.version" value="11.0.22+7-post-Ubuntu-0ubuntu222.04.1"/>
    <property name="java.specification.maintenance.version" value="2"/>
    <property name="sun.io.unicode.encoding" value="UnicodeLittle"/>
    <property name="java.class.version" value="55.0"/>
  </properties>
  <testcase name="testSendMessageWithoutAttachments" classname="org.sakaiproject.email.impl.test.EmailServiceTest" time="0.09">
    <system-out><![CDATA[&amp#27;[32m[INFO]&amp#27;[m 1508 [main] org.sakaiproject.email.impl.test.EmailServiceTest:80 Setting up test case...
&amp#27;[32m[INFO]&amp#27;[m 1569 [main] org.sakaiproject.email.impl.BasicEmailService:259 init(): smtp: localhost:8025 bounces to: no-reply@localhost maxRecipients: 100 testMode: false  
&amp#27;[32m[INFO]&amp#27;[m 1661 [main] org.sakaiproject.email.impl.BasicEmailService:1356 Email.sendMail: from: postmaster@localhostsubject: Super cool test subject to: to@example.com too@example.com headerTo{to}: otherPerson@example.com headerTo{cc}: otherPerson@example.com replyTo: from@example.com
]]></system-out>
  </testcase>
  <testcase name="testInvalidFrom" classname="org.sakaiproject.email.impl.test.EmailServiceTest" time="0.006"/>
  <testcase name="testSend" classname="org.sakaiproject.email.impl.test.EmailServiceTest" time="0.02">
    <system-out><![CDATA[&amp#27;[32m[INFO]&amp#27;[m 1689 [main] org.sakaiproject.email.impl.BasicEmailService:1356 Email.sendMail: from: postmaster@localhostsubject: Super cool test subject to: to@example.com test2@example.com headerTo{to}: otherPerson@example.com replyTo: replyTo@example.com
]]></system-out>
  </testcase>
  <testcase name="testInvalidReplyTo" classname="org.sakaiproject.email.impl.test.EmailServiceTest" time="0.003"/>
  <testcase name="testSendMailAll" classname="org.sakaiproject.email.impl.test.EmailServiceTest" time="0.04">
    <system-out><![CDATA[&amp#27;[32m[INFO]&amp#27;[m 1733 [main] org.sakaiproject.email.impl.BasicEmailService:1356 Email.sendMail: from: postmaster@localhostsubject: Super cool test subject to: to@example.com too@example.com headerTo{to}: otherPerson@example.com headerTo{cc}: otherPerson@example.com replyTo: replyTo@example.com with 2 attachments
]]></system-out>
  </testcase>
  <testcase name="testSendEmailMessage" classname="org.sakaiproject.email.impl.test.EmailServiceTest" time="0.009">
    <system-out><![CDATA[&amp#27;[32m[INFO]&amp#27;[m 1743 [main] org.sakaiproject.email.impl.BasicEmailService:1356 Email.sendMail: from: postmaster@localhostsubject: Super cool test subject with attachments to: to@example.com too@example.com headerTo{to}: otherPerson@example.com headerTo{cc}: otherPerson@example.com replyTo: from@example.com with 2 attachments
]]></system-out>
  </testcase>
  <testcase name="testSendMailAllButAttachments" classname="org.sakaiproject.email.impl.test.EmailServiceTest" time="0.012">
    <system-out><![CDATA[&amp#27;[32m[INFO]&amp#27;[m 1756 [main] org.sakaiproject.email.impl.BasicEmailService:1356 Email.sendMail: from: postmaster@localhostsubject: Super cool test subject to: to@example.com too@example.com headerTo{to}: otherPerson@example.com replyTo: replyTo@example.com
]]></system-out>
  </testcase>
  <testcase name="testSendMailBasic" classname="org.sakaiproject.email.impl.test.EmailServiceTest" time="0.011">
    <system-out><![CDATA[&amp#27;[32m[INFO]&amp#27;[m 1767 [main] org.sakaiproject.email.impl.BasicEmailService:1356 Email.sendMail: from: postmaster@localhostsubject: Super cool test subject to: to@example.com too@example.com replyTo: from@example.com
]]></system-out>
  </testcase>
  <testcase name="testNoRecipients" classname="org.sakaiproject.email.impl.test.EmailServiceTest" time="0.003"/>
</testsuite>